\BOOKMARK [0][-]{chapter.1}{\376\377\000I\000n\000t\000r\000o\000d\000u\000c\000t\000i\000o\000n}{}% 1
\BOOKMARK [1][-]{section.1.1}{\376\377\000C\000o\000n\000t\000e\000x\000t}{chapter.1}% 2
\BOOKMARK [1][-]{section.1.2}{\376\377\000P\000r\000o\000b\000l\000e\000m\000\040\000S\000t\000a\000t\000e\000m\000e\000n\000t}{chapter.1}% 3
\BOOKMARK [1][-]{section.1.3}{\376\377\000M\000a\000i\000n\000\040\000c\000o\000n\000t\000r\000i\000b\000u\000t\000i\000o\000n\000s}{chapter.1}% 4
\BOOKMARK [1][-]{section.1.4}{\376\377\000P\000u\000b\000l\000i\000c\000a\000t\000i\000o\000n\000s\000\040\000a\000n\000d\000\040\000C\000o\000m\000m\000u\000n\000i\000c\000a\000t\000i\000o\000n}{chapter.1}% 5
\BOOKMARK [1][-]{section.1.5}{\376\377\000D\000i\000s\000s\000e\000r\000t\000a\000t\000i\000o\000n\000\040\000O\000u\000t\000l\000i\000n\000e}{chapter.1}% 6
\BOOKMARK [0][-]{chapter.2}{\376\377\000C\000o\000n\000t\000e\000x\000t\000\040\000a\000n\000d\000\040\000R\000e\000l\000a\000t\000e\000d\000\040\000W\000o\000r\000k}{}% 7
\BOOKMARK [1][-]{section.2.1}{\376\377\000G\000l\000o\000b\000a\000l\000\040\000W\000a\000r\000m\000i\000n\000g\000\040\000a\000n\000d\000\040\000I\000C\000T\000\040\000R\000o\000l\000e}{chapter.2}% 8
\BOOKMARK [1][-]{section.2.2}{\376\377\000R\000e\000n\000e\000w\000a\000b\000l\000e\000\040\000E\000n\000e\000r\000g\000y}{chapter.2}% 9
\BOOKMARK [1][-]{section.2.3}{\376\377\000R\000e\000n\000e\000w\000a\000b\000l\000e\000-\000o\000n\000l\000y\000\040\000D\000a\000t\000a\000\040\000c\000e\000n\000t\000e\000r}{chapter.2}% 10
\BOOKMARK [2][-]{subsection.2.3.1}{\376\377\000E\000l\000e\000c\000t\000r\000i\000c\000a\000l\000\040\000e\000l\000e\000m\000e\000n\000t\000s}{section.2.3}% 11
\BOOKMARK [2][-]{subsection.2.3.2}{\376\377\000I\000T\000\040\000e\000l\000e\000m\000e\000n\000t\000s}{section.2.3}% 12
\BOOKMARK [1][-]{section.2.4}{\376\377\000S\000o\000u\000r\000c\000e\000s\000\040\000o\000f\000\040\000U\000n\000c\000e\000r\000t\000a\000i\000n\000t\000y}{chapter.2}% 13
\BOOKMARK [2][-]{subsection.2.4.1}{\376\377\000W\000e\000a\000t\000h\000e\000r\000\040\000U\000n\000c\000e\000r\000t\000a\000i\000n\000t\000i\000e\000s}{section.2.4}% 14
\BOOKMARK [2][-]{subsection.2.4.2}{\376\377\000W\000o\000r\000k\000l\000o\000a\000d\000\040\000U\000n\000c\000e\000r\000t\000a\000i\000n\000t\000i\000e\000s}{section.2.4}% 15
\BOOKMARK [2][-]{subsection.2.4.3}{\376\377\000O\000p\000t\000i\000m\000i\000z\000a\000t\000i\000o\000n\000\040\000S\000t\000r\000a\000t\000e\000g\000i\000e\000s\000\040\000f\000o\000r\000\040\000D\000e\000a\000l\000i\000n\000g\000\040\000w\000i\000t\000h\000\040\000U\000n\000c\000e\000r\000t\000a\000i\000n\000t\000i\000e\000s}{section.2.4}% 16
\BOOKMARK [1][-]{section.2.5}{\376\377\000L\000i\000t\000e\000r\000a\000t\000u\000r\000e\000\040\000R\000e\000v\000i\000e\000w}{chapter.2}% 17
\BOOKMARK [2][-]{subsection.2.5.1}{\376\377\000D\000i\000s\000c\000u\000s\000s\000i\000o\000n\000\040\000a\000n\000d\000\040\000C\000l\000a\000s\000s\000i\000f\000i\000c\000a\000t\000i\000o\000n\000\040\000o\000f\000\040\000t\000h\000e\000\040\000L\000i\000t\000e\000r\000a\000t\000u\000r\000e}{section.2.5}% 18
\BOOKMARK [0][-]{chapter.3}{\376\377\000M\000o\000d\000e\000l\000l\000i\000n\000g\000,\000\040\000D\000a\000t\000a\000,\000\040\000a\000n\000d\000\040\000S\000i\000m\000u\000l\000a\000t\000i\000o\000n}{}% 19
\BOOKMARK [1][-]{section.3.1}{\376\377\000M\000o\000d\000e\000l}{chapter.3}% 20
\BOOKMARK [2][-]{subsection.3.1.1}{\376\377\000O\000f\000f\000l\000i\000n\000e\000\040\000D\000e\000c\000i\000s\000i\000o\000n\000\040\000M\000o\000d\000u\000l\000e\000s}{section.3.1}% 21
\BOOKMARK [2][-]{subsection.3.1.2}{\376\377\000O\000f\000f\000l\000i\000n\000e\000\040\000P\000l\000a\000n}{section.3.1}% 22
\BOOKMARK [2][-]{subsection.3.1.3}{\376\377\000O\000n\000l\000i\000n\000e\000\040\000D\000e\000c\000i\000s\000i\000o\000n\000\040\000M\000o\000d\000u\000l\000e\000s}{section.3.1}% 23
\BOOKMARK [1][-]{section.3.2}{\376\377\000D\000a\000t\000a}{chapter.3}% 24
\BOOKMARK [2][-]{subsection.3.2.1}{\376\377\000W\000o\000r\000k\000l\000o\000a\000d\000\040\000T\000r\000a\000c\000e}{section.3.2}% 25
\BOOKMARK [2][-]{subsection.3.2.2}{\376\377\000W\000e\000a\000t\000h\000e\000r\000\040\000T\000r\000a\000c\000e}{section.3.2}% 26
\BOOKMARK [2][-]{subsection.3.2.3}{\376\377\000P\000l\000a\000t\000f\000o\000r\000m\000\040\000C\000o\000n\000f\000i\000g\000u\000r\000a\000t\000i\000o\000n}{section.3.2}% 27
\BOOKMARK [1][-]{section.3.3}{\376\377\000S\000i\000m\000u\000l\000a\000t\000i\000o\000n}{chapter.3}% 28
\BOOKMARK [2][-]{subsection.3.3.1}{\376\377\000S\000i\000m\000u\000l\000a\000t\000o\000r}{section.3.3}% 29
\BOOKMARK [2][-]{subsection.3.3.2}{\376\377\000M\000e\000t\000r\000i\000c\000s}{section.3.3}% 30
\BOOKMARK [2][-]{subsection.3.3.3}{\376\377\000D\000a\000t\000a\000z\000e\000r\000o\0002\000\040\000M\000i\000d\000d\000l\000e\000w\000a\000r\000e}{section.3.3}% 31
\BOOKMARK [1][-]{section.3.4}{\376\377\000C\000o\000n\000c\000l\000u\000s\000i\000o\000n}{chapter.3}% 32
\BOOKMARK [0][-]{chapter.4}{\376\377\000I\000n\000t\000r\000o\000d\000u\000c\000i\000n\000g\000\040\000P\000o\000w\000e\000r\000\040\000C\000o\000m\000p\000e\000n\000s\000a\000t\000i\000o\000n\000s}{}% 33
\BOOKMARK [1][-]{section.4.1}{\376\377\000I\000n\000t\000r\000o\000d\000u\000c\000t\000i\000o\000n}{chapter.4}% 34
\BOOKMARK [1][-]{section.4.2}{\376\377\000M\000o\000d\000e\000l}{chapter.4}% 35
\BOOKMARK [1][-]{section.4.3}{\376\377\000H\000e\000u\000r\000i\000s\000t\000i\000c\000s}{chapter.4}% 36
\BOOKMARK [1][-]{section.4.4}{\376\377\000R\000e\000s\000u\000l\000t\000s\000\040\000E\000v\000a\000l\000u\000a\000t\000i\000o\000n}{chapter.4}% 37
\BOOKMARK [1][-]{section.4.5}{\376\377\000C\000o\000n\000c\000l\000u\000s\000i\000o\000n}{chapter.4}% 38
\BOOKMARK [0][-]{chapter.5}{\376\377\000L\000e\000a\000r\000n\000i\000n\000g\000\040\000P\000o\000w\000e\000r\000\040\000C\000o\000m\000p\000e\000n\000s\000a\000t\000i\000o\000n\000s}{}% 39
\BOOKMARK [1][-]{section.5.1}{\376\377\000I\000n\000t\000r\000o\000d\000u\000c\000t\000i\000o\000n}{chapter.5}% 40
\BOOKMARK [1][-]{section.5.2}{\376\377\000A\000l\000g\000o\000r\000i\000t\000h\000m\000s}{chapter.5}% 41
\BOOKMARK [2][-]{subsection.5.2.1}{\376\377\000R\000a\000n\000d\000o\000m}{section.5.2}% 42
\BOOKMARK [2][-]{subsection.5.2.2}{\376\377\000Q\000-\000L\000e\000a\000r\000n\000i\000n\000g\000\040\000a\000p\000p\000r\000o\000a\000c\000h}{section.5.2}% 43
\BOOKMARK [2][-]{subsection.5.2.3}{\376\377\000C\000o\000n\000t\000e\000x\000t\000u\000a\000l\000\040\000M\000u\000l\000t\000i\000-\000A\000r\000m\000e\000d\000\040\000B\000a\000n\000d\000i\000t\000\040\000a\000p\000p\000r\000o\000a\000c\000h}{section.5.2}% 44
\BOOKMARK [1][-]{section.5.3}{\376\377\000S\000t\000a\000t\000e\000s}{chapter.5}% 45
\BOOKMARK [1][-]{section.5.4}{\376\377\000A\000c\000t\000i\000o\000n\000s}{chapter.5}% 46
\BOOKMARK [1][-]{section.5.5}{\376\377\000R\000e\000w\000a\000r\000d\000s}{chapter.5}% 47
\BOOKMARK [1][-]{section.5.6}{\376\377\000R\000e\000s\000u\000l\000t\000s\000\040\000E\000v\000a\000l\000u\000a\000t\000i\000o\000n}{chapter.5}% 48
\BOOKMARK [1][-]{section.5.7}{\376\377\000C\000o\000n\000c\000l\000u\000s\000i\000o\000n}{chapter.5}% 49
\BOOKMARK [0][-]{chapter.6}{\376\377\000A\000d\000d\000i\000n\000g\000\040\000B\000a\000t\000t\000e\000r\000y\000\040\000A\000w\000a\000r\000e\000n\000e\000s\000s\000\040\000i\000n\000\040\000E\000A\000S\000Y\000\040\000B\000a\000c\000k\000f\000i\000l\000l\000i\000n\000g}{}% 50
\BOOKMARK [1][-]{section.6.1}{\376\377\000I\000n\000t\000r\000o\000d\000u\000c\000t\000i\000o\000n}{chapter.6}% 51
\BOOKMARK [1][-]{section.6.2}{\376\377\000M\000o\000d\000e\000l}{chapter.6}% 52
\BOOKMARK [1][-]{section.6.3}{\376\377\000H\000e\000u\000r\000i\000s\000t\000i\000c}{chapter.6}% 53
\BOOKMARK [2][-]{subsection.6.3.1}{\376\377\000P\000r\000e\000d\000i\000c\000t\000i\000o\000n\000s}{section.6.3}% 54
\BOOKMARK [2][-]{subsection.6.3.2}{\376\377\000J\000o\000b\000\040\000S\000c\000h\000e\000d\000u\000l\000i\000n\000g}{section.6.3}% 55
\BOOKMARK [2][-]{subsection.6.3.3}{\376\377\000P\000o\000w\000e\000r\000\040\000c\000o\000m\000p\000e\000n\000s\000a\000t\000i\000o\000n}{section.6.3}% 56
\BOOKMARK [1][-]{section.6.4}{\376\377\000C\000o\000n\000c\000l\000u\000s\000i\000o\000n}{chapter.6}% 57
\BOOKMARK [0][-]{chapter.7}{\376\377\000C\000o\000n\000c\000l\000u\000s\000i\000o\000n\000\040\000a\000n\000d\000\040\000P\000e\000r\000s\000p\000e\000c\000t\000i\000v\000e\000s}{}% 58
\BOOKMARK [1][-]{section.7.1}{\376\377\000C\000o\000n\000c\000l\000u\000s\000i\000o\000n}{chapter.7}% 59
\BOOKMARK [1][-]{section.7.2}{\376\377\000P\000e\000r\000s\000p\000e\000c\000t\000i\000v\000e\000s}{chapter.7}% 60
